0 info it worked if it ends with ok
1 verbose cli [ 'C:\\Program Files (x86)\\nodejs\\node.exe',
1 verbose cli   'C:\\Program Files (x86)\\nodejs\\node_modules\\npm\\bin\\npm-cli.js',
1 verbose cli   'run',
1 verbose cli   'deploy' ]
2 info using npm@2.7.4
3 info using node@v0.12.2
4 verbose stack Error: missing script: deploy
4 verbose stack     at run (C:\Program Files (x86)\nodejs\node_modules\npm\lib\run-script.js:165:19)
4 verbose stack     at C:\Program Files (x86)\nodejs\node_modules\npm\lib\run-script.js:81:5
4 verbose stack     at C:\Program Files (x86)\nodejs\node_modules\npm\node_modules\read-package-json\read-json.js:52:40
4 verbose stack     at C:\Program Files (x86)\nodejs\node_modules\npm\node_modules\read-package-json\read-json.js:376:33
4 verbose stack     at checkBinReferences_ (C:\Program Files (x86)\nodejs\node_modules\npm\node_modules\read-package-json\read-json.js:341:59)
4 verbose stack     at final (C:\Program Files (x86)\nodejs\node_modules\npm\node_modules\read-package-json\read-json.js:373:17)
4 verbose stack     at then (C:\Program Files (x86)\nodejs\node_modules\npm\node_modules\read-package-json\read-json.js:127:33)
4 verbose stack     at C:\Program Files (x86)\nodejs\node_modules\npm\node_modules\read-package-json\read-json.js:267:40
4 verbose stack     at evalmachine.<anonymous>:334:14
4 verbose stack     at C:\Program Files (x86)\nodejs\node_modules\npm\node_modules\graceful-fs\graceful-fs.js:102:5
5 verbose cwd C:\Users\fayselme\Documents\portfolio
6 error Windows_NT 6.3.9600
7 error argv "C:\\Program Files (x86)\\nodejs\\node.exe" "C:\\Program Files (x86)\\nodejs\\node_modules\\npm\\bin\\npm-cli.js" "run" "deploy"
8 error node v0.12.2
9 error npm  v2.7.4
10 error missing script: deploy
11 error If you need help, you may report this error at:
11 error     <https://github.com/npm/npm/issues>
12 verbose exit [ 1, true ]
